2017-03-22 23:57:25,276 INFO Main start
2017-03-22 23:57:25,515 INFO Process-1 says that dites_bonjour Mlle. Zoe Catavencu = Bonjour Mlle. Zoe Catavencu !
2017-03-22 23:57:25,516 INFO Process-1 says that dites_bonjour Mlle. Zaira Neamtu = Bonjour Mlle. Zaira Neamtu !
2017-03-22 23:57:25,516 INFO Process-1 says that dites_bonjour Mme. Leela = Bonjour Mme. Leela !
2017-03-22 23:57:25,516 INFO Process-1 says that dites_bonjour Mme. Amy Wong = Bonjour Mme. Amy Wong !
2017-03-22 23:57:25,516 INFO Process-1 says that dites_bonjour Mme. Mom = Bonjour Mme. Mom !
2017-03-22 23:57:25,517 INFO Process-1 says that dites_bonjour Mme. Grandma = Bonjour Mme. Grandma !
2017-03-22 23:57:25,517 INFO Process-1 says that dites_bonjour Mme. LaBarbara Conrad = Bonjour Mme. LaBarbara Conrad !
2017-03-22 23:57:25,519 INFO Process-1 says that dites_bonjour M. Fry = Bonjour M. Fry !
2017-03-22 23:57:25,519 INFO Process-1 says that dites_bonjour M. Bender = Bonjour M. Bender !
2017-03-22 23:57:25,519 INFO Process-1 says that dites_bonjour M. Hermes Conrad = Bonjour M. Hermes Conrad !
2017-03-22 23:57:25,519 INFO Process-1 says that dites_bonjour M. Hubert J. Farnsworth = Bonjour M. Hubert J. Farnsworth !
2017-03-22 23:57:25,519 INFO Process-1 says that dites_bonjour M. John A. Zoidberg = Bonjour M. John A. Zoidberg !
2017-03-22 23:57:25,519 INFO Process-1 says that dites_bonjour M. Richard Nixon's head = Bonjour M. Richard Nixon's head !
2017-03-22 23:57:25,519 INFO Process-1 says that dites_bonjour M. Zapp Brannigan = Bonjour M. Zapp Brannigan !
2017-03-22 23:57:25,519 INFO Process-1 says that dites_bonjour M. Kif Kroker = Bonjour M. Kif Kroker !
2017-03-22 23:57:25,520 INFO Process-1 says that dites_bonjour M. Nibbler = Bonjour M. Nibbler !
2017-03-22 23:57:25,520 INFO Process-1 says that dites_bonjour M. Scruffy = Bonjour M. Scruffy !
2017-03-22 23:57:25,520 INFO Process-1 says that dites_bonjour M. Leo Wong = Bonjour M. Leo Wong !
2017-03-22 23:57:25,520 INFO Process-1 says that dites_bonjour M. Lrrr = Bonjour M. Lrrr !
2017-03-22 23:57:25,520 INFO Process-1 says that dites_bonjour M. Cubert Farnsworth = Bonjour M. Cubert Farnsworth !
2017-03-22 23:57:25,520 INFO Process-1 says that dites_bonjour M. Dwight Conrad = Bonjour M. Dwight Conrad !
2017-03-22 23:57:25,522 INFO Main stop
2017-03-22 23:57:39,025 INFO Main start
